<?xml version="1.0" encoding="UTF-8"?>
<!-- Generated by org.testng.reporters.JUnitReportReporter -->
<testsuite skipped="0" hostname="DESKTOP-0B4OIIL" name="cucumberOptions.TestNGTestRunner" tests="1" failures="0" timestamp="2022-03-22T16:56:04 IST" time="17.734" errors="0">
  <testcase name="runScenario" time="17.734" classname="cucumberOptions.TestNGTestRunner"/>
  <system-out/>
</testsuite> <!-- cucumberOptions.TestNGTestRunner -->
